2024-09-29T14:05:06+00:00 DEBUG POST: https://ads.tiktok.com/marketing_api/api/developer/app/create_auto_approve/

{"business_platform":"PROD","smb_id":"tt4b_woocommerce_66f95e9222de0httplocalhostXaydungtrangweb2wordpressv2wp-admin","smb_name":"PROD","redirect_url":"http:\/\/localhost\/Xaydungtrangweb2\/wordpress_v2\/wp-admin\/"}
 ajax: no
2024-09-29T14:05:06+00:00 DEBUG Tt4b_Mapi_Class::create_open_source_app: Response: 

HTTP/1.1 200 OK
Content-Type: application/json
X-Tt-Logid: 202409291405198B96843E8456CC35770D,202409291405198B96843E8456CC35770D
Strict-Transport-Security: max-age=31536000; includeSubDomains
x-tt-trace-host: 018ab475d2a3c5f5d3008a90978324882e93213688a13d73daa36a573146cceaf7db4891487566537660e53968bffc74abd375a01588d5055d973f6349106bdb1b60cd7d54fc388e7852c8773008b8e7453a06c80f58126c1895d3549f350fa90cc260cf13d75fc7a37d4fc8b2b3c3e6cf
x-tt-trace-id: 00-2409291405198B96843E8456CC35770D-3C9F3877330CB1CF-00
Server: TLB
Content-Encoding: gzip
Content-Length: 224
X-Origin-Response-Time: 73,23.52.40.38
X-Akamai-Request-ID: 340cb845.e08c21a
Date: Sun, 29 Sep 2024 14:05:20 GMT
X-Cache: TCP_MISS from a118-69-16-187.deploy.akamaitechnologies.com (AkamaiGHost/11.6.4-e26983a004e229b4ffa935b6e3b2fe8f) (-)
Connection: close
Vary: Accept-Encoding
X-Cache-Remote: TCP_MISS from a23-52-40-38.deploy.akamaitechnologies.com (AkamaiGHost/11.6.4-e26983a004e229b4ffa935b6e3b2fe8f) (-)
x-tt-trace-tag: id=16;cdn-cache=miss;type=dyn
Server-Timing: cdn-cache; desc=MISS, edge; dur=61, origin; dur=73
Server-Timing: inner; dur=63
X-Parent-Response-Time: 131,118.69.16.187

{"code":0,"msg":"ok","data":{"app_secret":"a7e4efcb11f81207f8712b5909bfb30d971226e9","redirect_uri":"http:\/\/localhost\/Xaydungtrangweb2\/wordpress_v2\/wp-admin\/","external_data_key":"f0c4f53a-da01-40b0-b3fc-eba21df2164c","app_id":"7420065904651681800"}}

2024-09-29T14:05:57+00:00 DEBUG Tt4b_Pixel_Class::inject_view_content_event: hit ViewContent
2024-09-29T14:05:57+00:00 DEBUG Tt4b_Pixel_Class::inject_view_content_event: Missing option "access_token"
2024-09-29T14:07:55+00:00 DEBUG Tt4b_Pixel_Class::inject_view_content_event: hit ViewContent
2024-09-29T14:07:55+00:00 DEBUG Tt4b_Pixel_Class::inject_view_content_event: Missing option "access_token"
2024-09-29T14:08:26+00:00 DEBUG Tt4b_Pixel_Class::inject_view_content_event: hit ViewContent
2024-09-29T14:08:26+00:00 DEBUG Tt4b_Pixel_Class::inject_view_content_event: Missing option "access_token"
2024-09-29T14:09:08+00:00 DEBUG Tt4b_Pixel_Class::inject_view_content_event: hit ViewContent
2024-09-29T14:09:08+00:00 DEBUG Tt4b_Pixel_Class::inject_view_content_event: Missing option "access_token"
2024-09-29T14:09:12+00:00 DEBUG Tt4b_Pixel_Class::inject_view_content_event: hit ViewContent
2024-09-29T14:09:12+00:00 DEBUG Tt4b_Pixel_Class::inject_view_content_event: Missing option "access_token"
2024-09-29T14:09:18+00:00 DEBUG Tt4b_Pixel_Class::inject_view_content_event: hit ViewContent
2024-09-29T14:09:18+00:00 DEBUG Tt4b_Pixel_Class::inject_view_content_event: Missing option "access_token"
2024-09-29T14:09:21+00:00 DEBUG Tt4b_Pixel_Class::inject_view_content_event: hit ViewContent
2024-09-29T14:09:21+00:00 DEBUG Tt4b_Pixel_Class::inject_view_content_event: Missing option "access_token"
2024-09-29T14:09:28+00:00 DEBUG Tt4b_Pixel_Class::inject_view_content_event: hit ViewContent
2024-09-29T14:09:28+00:00 DEBUG Tt4b_Pixel_Class::inject_view_content_event: Missing option "access_token"
2024-09-29T14:09:32+00:00 DEBUG Tt4b_Pixel_Class::inject_view_content_event: hit ViewContent
2024-09-29T14:09:32+00:00 DEBUG Tt4b_Pixel_Class::inject_view_content_event: Missing option "access_token"
2024-09-29T14:16:48+00:00 DEBUG Tt4b_Pixel_Class::inject_view_content_event: hit ViewContent
2024-09-29T14:16:48+00:00 DEBUG Tt4b_Pixel_Class::inject_view_content_event: Missing option "access_token"
2024-09-29T14:17:09+00:00 DEBUG Tt4b_Pixel_Class::inject_view_content_event: hit ViewContent
2024-09-29T14:17:09+00:00 DEBUG Tt4b_Pixel_Class::inject_view_content_event: Missing option "access_token"
2024-09-29T14:17:26+00:00 DEBUG Tt4b_Pixel_Class::inject_view_content_event: hit ViewContent
2024-09-29T14:17:26+00:00 DEBUG Tt4b_Pixel_Class::inject_view_content_event: Missing option "access_token"
2024-09-29T14:17:38+00:00 DEBUG Tt4b_Pixel_Class::inject_view_content_event: hit ViewContent
2024-09-29T14:17:38+00:00 DEBUG Tt4b_Pixel_Class::inject_view_content_event: Missing option "access_token"
2024-09-29T14:18:03+00:00 DEBUG Tt4b_Pixel_Class::inject_view_content_event: hit ViewContent
2024-09-29T14:18:03+00:00 DEBUG Tt4b_Pixel_Class::inject_view_content_event: Missing option "access_token"
2024-09-29T14:18:25+00:00 DEBUG Tt4b_Pixel_Class::inject_view_content_event: hit ViewContent
2024-09-29T14:18:25+00:00 DEBUG Tt4b_Pixel_Class::inject_view_content_event: Missing option "access_token"
2024-09-29T14:19:26+00:00 DEBUG Tt4b_Pixel_Class::inject_view_content_event: hit ViewContent
2024-09-29T14:19:26+00:00 DEBUG Tt4b_Pixel_Class::inject_view_content_event: Missing option "access_token"
2024-09-29T14:22:33+00:00 DEBUG Tt4b_Pixel_Class::inject_view_content_event: hit ViewContent
2024-09-29T14:22:33+00:00 DEBUG Tt4b_Pixel_Class::inject_view_content_event: Missing option "access_token"
2024-09-29T14:25:50+00:00 DEBUG Tt4b_Pixel_Class::inject_view_content_event: hit ViewContent
2024-09-29T14:25:50+00:00 DEBUG Tt4b_Pixel_Class::inject_view_content_event: Missing option "access_token"
2024-09-29T14:27:42+00:00 DEBUG Tt4b_Pixel_Class::inject_view_content_event: hit ViewContent
2024-09-29T14:27:42+00:00 DEBUG Tt4b_Pixel_Class::inject_view_content_event: Missing option "access_token"
2024-09-29T14:32:57+00:00 DEBUG Tt4b_Pixel_Class::inject_view_content_event: hit ViewContent
2024-09-29T14:32:57+00:00 DEBUG Tt4b_Pixel_Class::inject_view_content_event: Missing option "access_token"
2024-09-29T14:33:20+00:00 DEBUG Tt4b_Pixel_Class::inject_view_content_event: hit ViewContent
2024-09-29T14:33:20+00:00 DEBUG Tt4b_Pixel_Class::inject_view_content_event: Missing option "access_token"
2024-09-29T14:33:52+00:00 DEBUG tt4b_product_delete: missing access token for tt4b_product_sync
2024-09-29T14:33:52+00:00 DEBUG tt4b_product_delete: missing access token for tt4b_product_sync
2024-09-29T14:33:52+00:00 DEBUG tt4b_product_delete: missing access token for tt4b_product_sync
2024-09-29T14:33:52+00:00 DEBUG tt4b_product_delete: missing access token for tt4b_product_sync
2024-09-29T14:33:53+00:00 DEBUG tt4b_product_delete: missing access token for tt4b_product_sync
2024-09-29T14:33:53+00:00 DEBUG tt4b_product_delete: missing access token for tt4b_product_sync
2024-09-29T14:33:53+00:00 DEBUG tt4b_product_delete: missing access token for tt4b_product_sync
2024-09-29T14:33:53+00:00 DEBUG tt4b_product_delete: missing access token for tt4b_product_sync
2024-09-29T14:33:53+00:00 DEBUG tt4b_product_delete: missing access token for tt4b_product_sync
2024-09-29T14:33:53+00:00 DEBUG tt4b_product_delete: missing access token for tt4b_product_sync
2024-09-29T14:33:53+00:00 DEBUG tt4b_product_delete: missing access token for tt4b_product_sync
2024-09-29T14:33:53+00:00 DEBUG tt4b_product_delete: missing access token for tt4b_product_sync
2024-09-29T14:33:53+00:00 DEBUG tt4b_product_delete: missing access token for tt4b_product_sync
2024-09-29T14:33:53+00:00 DEBUG tt4b_product_delete: missing access token for tt4b_product_sync
2024-09-29T14:33:53+00:00 DEBUG tt4b_product_delete: missing access token for tt4b_product_sync
2024-09-29T14:33:53+00:00 DEBUG tt4b_product_delete: missing access token for tt4b_product_sync
2024-09-29T14:33:54+00:00 DEBUG tt4b_product_delete: missing access token for tt4b_product_sync
2024-09-29T14:33:54+00:00 DEBUG tt4b_product_delete: missing access token for tt4b_product_sync
2024-09-29T14:35:55+00:00 DEBUG tt4b_product_delete: missing access token for tt4b_product_sync
2024-09-29T14:35:55+00:00 DEBUG tt4b_product_delete: missing access token for tt4b_product_sync
2024-09-29T14:35:55+00:00 DEBUG tt4b_product_delete: missing access token for tt4b_product_sync
2024-09-29T14:35:55+00:00 DEBUG tt4b_product_delete: missing access token for tt4b_product_sync
2024-09-29T14:36:14+00:00 DEBUG Tt4b_Pixel_Class::inject_view_content_event: hit ViewContent
2024-09-29T14:36:14+00:00 DEBUG Tt4b_Pixel_Class::inject_view_content_event: Missing option "access_token"
2024-09-29T14:37:26+00:00 DEBUG Tt4b_Pixel_Class::inject_view_content_event: hit ViewContent
2024-09-29T14:37:26+00:00 DEBUG Tt4b_Pixel_Class::inject_view_content_event: Missing option "access_token"
